Success (5):
content 6233 _a-0000e255-ca76-8000-23f0-01ef9001ef90_34552 "AMS ALL"
content 6234 _a-0000e255-ca76-8000-23f0-01ef9001ef90_34558 "AMS_GetUsername"
content 6235 _a-0000e255-ca76-8000-23f0-01ef9001ef90_34564 "AMS_VALUE"
content 6236 _a-0000e255-ca76-8000-23f0-01ef9001ef90_37023 "AMS_GetUSerDetails"
application 6237 _a-0000e255-ca76-8000-23f0-01ef9001ef90_30209 "AMS"

Referenced precedents that were not exported (1):
user simranjits simranjits

Trace:
2019-09-16 08:43:10.472 DEBUG application 6237 _a-0000e255-ca76-8000-23f0-01ef9001ef90_30209 Begin transport.
2019-09-16 08:43:10.472 DEBUG application 6237 _a-0000e255-ca76-8000-23f0-01ef9001ef90_30209 Retrieving object data.
2019-09-16 08:43:10.476 DEBUG application 6237 _a-0000e255-ca76-8000-23f0-01ef9001ef90_30209 App associated objects: [content=[_a-0000e255-ca76-8000-23f0-01ef9001ef90_34552, _a-0000e255-ca76-8000-23f0-01ef9001ef90_34558, _a-0000e255-ca76-8000-23f0-01ef9001ef90_34564, _a-0000e255-ca76-8000-23f0-01ef9001ef90_37023],site=[68462ed7-c8da-4ff7-9d34-f8379204204d]]
2019-09-16 08:43:10.48 DEBUG application 6237 _a-0000e255-ca76-8000-23f0-01ef9001ef90_30209 Invalid associated objects: [site=[68462ed7-c8da-4ff7-9d34-f8379204204d]]
2019-09-16 08:43:10.48 DEBUG application 6237 _a-0000e255-ca76-8000-23f0-01ef9001ef90_30209 Adding valid associated objects to be exported: GlobalBindingMap[content={_a-0000e255-ca76-8000-23f0-01ef9001ef90_34552=6233, _a-0000e255-ca76-8000-23f0-01ef9001ef90_34558=6234, _a-0000e255-ca76-8000-23f0-01ef9001ef90_34564=6235, _a-0000e255-ca76-8000-23f0-01ef9001ef90_37023=6236}]
2019-09-16 08:43:10.48 DEBUG application 6237 _a-0000e255-ca76-8000-23f0-01ef9001ef90_30209 Setting uuids of object references.
2019-09-16 08:43:10.482 DEBUG application 6237 _a-0000e255-ca76-8000-23f0-01ef9001ef90_30209 Processing reference: Application.forum
2019-09-16 08:43:10.483 DEBUG application 6237 _a-0000e255-ca76-8000-23f0-01ef9001ef90_30209 Processing reference: Application.parent
2019-09-16 08:43:10.488 DEBUG application 6237 _a-0000e255-ca76-8000-23f0-01ef9001ef90_30209 Processing reference: com.appiancorp.suiteapi.content.ContentRoleMap@14c50588[
  ContentRole[name=readers,inherit=false,allowForAll=false]
  ContentRole[name=authors,inherit=false,allowForAll=false]
  ContentRole[name=administrators,usernames=[simranjits],inherit=false,allowForAll=false]
  ContentRole[name=denyReaders,inherit=false,allowForAll=false]
  ContentRole[name=denyAuthors,inherit=false,allowForAll=false]
  ContentRole[name=denyAdministrators,inherit=false,allowForAll=false]
  securityVector=129:SEC_PUBLIC=true,SEC_CREATOR_ADMIN=true,SEC_INH_ADMIN=false,SEC_INH_EDITOR=false,SEC_INH_VIEWER=false,SEC_ALL_ADMIN=false,SEC_ALL_EDITOR=false,SEC_ALL_VIEWER=false
]
2019-09-16 08:43:10.488 DEBUG application 6237 _a-0000e255-ca76-8000-23f0-01ef9001ef90_30209 Processing reference: ContentRole[name=readers,inherit=false,allowForAll=false]
2019-09-16 08:43:10.488 DEBUG application 6237 _a-0000e255-ca76-8000-23f0-01ef9001ef90_30209 Processing reference: ContentRole[name=authors,inherit=false,allowForAll=false]
2019-09-16 08:43:10.488 DEBUG application 6237 _a-0000e255-ca76-8000-23f0-01ef9001ef90_30209 Processing reference: ContentRole[name=administrators,usernames=[simranjits],inherit=false,allowForAll=false]
2019-09-16 08:43:10.489 DEBUG application 6237 _a-0000e255-ca76-8000-23f0-01ef9001ef90_30209 Processing reference: ContentRole[name=denyReaders,inherit=false,allowForAll=false]
2019-09-16 08:43:10.489 DEBUG application 6237 _a-0000e255-ca76-8000-23f0-01ef9001ef90_30209 Processing reference: ContentRole[name=denyAuthors,inherit=false,allowForAll=false]
2019-09-16 08:43:10.489 DEBUG application 6237 _a-0000e255-ca76-8000-23f0-01ef9001ef90_30209 Processing reference: ContentRole[name=denyAdministrators,inherit=false,allowForAll=false]
2019-09-16 08:43:10.492 DEBUG content 6233 _a-0000e255-ca76-8000-23f0-01ef9001ef90_34552 Begin transport.
2019-09-16 08:43:10.492 DEBUG content 6233 _a-0000e255-ca76-8000-23f0-01ef9001ef90_34552 Retrieving object data.
2019-09-16 08:43:10.501 DEBUG content 6233 _a-0000e255-ca76-8000-23f0-01ef9001ef90_34552 Setting uuids of object references.
2019-09-16 08:43:10.501 DEBUG content 6233 _a-0000e255-ca76-8000-23f0-01ef9001ef90_34552 Processing reference: RulesFolder.forum
2019-09-16 08:43:10.502 DEBUG content 6233 _a-0000e255-ca76-8000-23f0-01ef9001ef90_34552 Processing reference: RulesFolder.parent
2019-09-16 08:43:10.505 DEBUG content 6233 _a-0000e255-ca76-8000-23f0-01ef9001ef90_34552 Processing reference: com.appiancorp.suiteapi.content.ContentRoleMap@5bf08d90[
  ContentRole[name=readers,inherit=false,allowForAll=false]
  ContentRole[name=authors,inherit=false,allowForAll=false]
  ContentRole[name=administrators,inherit=false,allowForAll=false]
  ContentRole[name=denyReaders,inherit=false,allowForAll=false]
  ContentRole[name=denyAuthors,inherit=false,allowForAll=false]
  ContentRole[name=denyAdministrators,inherit=false,allowForAll=false]
  securityVector=1:SEC_PUBLIC=true,SEC_CREATOR_ADMIN=false,SEC_INH_ADMIN=false,SEC_INH_EDITOR=false,SEC_INH_VIEWER=false,SEC_ALL_ADMIN=false,SEC_ALL_EDITOR=false,SEC_ALL_VIEWER=false
]
2019-09-16 08:43:10.505 DEBUG content 6233 _a-0000e255-ca76-8000-23f0-01ef9001ef90_34552 Processing reference: ContentRole[name=readers,inherit=false,allowForAll=false]
2019-09-16 08:43:10.505 DEBUG content 6233 _a-0000e255-ca76-8000-23f0-01ef9001ef90_34552 Processing reference: ContentRole[name=authors,inherit=false,allowForAll=false]
2019-09-16 08:43:10.505 DEBUG content 6233 _a-0000e255-ca76-8000-23f0-01ef9001ef90_34552 Processing reference: ContentRole[name=administrators,inherit=false,allowForAll=false]
2019-09-16 08:43:10.505 DEBUG content 6233 _a-0000e255-ca76-8000-23f0-01ef9001ef90_34552 Processing reference: ContentRole[name=denyReaders,inherit=false,allowForAll=false]
2019-09-16 08:43:10.505 DEBUG content 6233 _a-0000e255-ca76-8000-23f0-01ef9001ef90_34552 Processing reference: ContentRole[name=denyAuthors,inherit=false,allowForAll=false]
2019-09-16 08:43:10.505 DEBUG content 6233 _a-0000e255-ca76-8000-23f0-01ef9001ef90_34552 Processing reference: ContentRole[name=denyAdministrators,inherit=false,allowForAll=false]
2019-09-16 08:43:10.506 DEBUG content 6233 _a-0000e255-ca76-8000-23f0-01ef9001ef90_34552 Completing produce.
2019-09-16 08:43:10.506 DEBUG content 6233 _a-0000e255-ca76-8000-23f0-01ef9001ef90_34552 Exporting binary resources.
2019-09-16 08:43:10.506 DEBUG content 6233 _a-0000e255-ca76-8000-23f0-01ef9001ef90_34552 Serializing object to XML.
2019-09-16 08:43:10.506 DEBUG content 6233 _a-0000e255-ca76-8000-23f0-01ef9001ef90_34552 Object transported.
2019-09-16 08:43:10.506 DEBUG content 6234 _a-0000e255-ca76-8000-23f0-01ef9001ef90_34558 Begin transport.
2019-09-16 08:43:10.506 DEBUG content 6234 _a-0000e255-ca76-8000-23f0-01ef9001ef90_34558 Retrieving object data.
2019-09-16 08:43:10.517 DEBUG content 6234 _a-0000e255-ca76-8000-23f0-01ef9001ef90_34558 Setting uuids of object references.
2019-09-16 08:43:10.517 DEBUG content 6234 _a-0000e255-ca76-8000-23f0-01ef9001ef90_34558 Processing reference: [Content:id=6234,versionId=-1,name=AMS_GetUsername,type=32,subtype=1,uuid=_a-0000e255-ca76-8000-23f0-01ef9001ef90_34558,parent=6233]
2019-09-16 08:43:10.518 DEBUG content 6234 _a-0000e255-ca76-8000-23f0-01ef9001ef90_34558 Processing reference: FreeformRule.forum
2019-09-16 08:43:10.518 DEBUG content 6234 _a-0000e255-ca76-8000-23f0-01ef9001ef90_34558 Processing reference: FreeformRule.parent
2019-09-16 08:43:10.522 DEBUG content 6234 _a-0000e255-ca76-8000-23f0-01ef9001ef90_34558 Processing reference: com.appiancorp.suiteapi.content.ContentRoleMap@5574ff87[
  ContentRole[name=readers,inherit=true,allowForAll=false]
  ContentRole[name=authors,inherit=true,allowForAll=false]
  ContentRole[name=administrators,inherit=true,allowForAll=false]
  ContentRole[name=denyReaders,inherit=false,allowForAll=false]
  ContentRole[name=denyAuthors,inherit=false,allowForAll=false]
  ContentRole[name=denyAdministrators,inherit=false,allowForAll=false]
  securityVector=15:SEC_PUBLIC=true,SEC_CREATOR_ADMIN=false,SEC_INH_ADMIN=true,SEC_INH_EDITOR=true,SEC_INH_VIEWER=true,SEC_ALL_ADMIN=false,SEC_ALL_EDITOR=false,SEC_ALL_VIEWER=false
]
2019-09-16 08:43:10.522 DEBUG content 6234 _a-0000e255-ca76-8000-23f0-01ef9001ef90_34558 Processing reference: ContentRole[name=readers,inherit=true,allowForAll=false]
2019-09-16 08:43:10.522 DEBUG content 6234 _a-0000e255-ca76-8000-23f0-01ef9001ef90_34558 Processing reference: ContentRole[name=authors,inherit=true,allowForAll=false]
2019-09-16 08:43:10.522 DEBUG content 6234 _a-0000e255-ca76-8000-23f0-01ef9001ef90_34558 Processing reference: ContentRole[name=administrators,inherit=true,allowForAll=false]
2019-09-16 08:43:10.522 DEBUG content 6234 _a-0000e255-ca76-8000-23f0-01ef9001ef90_34558 Processing reference: ContentRole[name=denyReaders,inherit=false,allowForAll=false]
2019-09-16 08:43:10.522 DEBUG content 6234 _a-0000e255-ca76-8000-23f0-01ef9001ef90_34558 Processing reference: ContentRole[name=denyAuthors,inherit=false,allowForAll=false]
2019-09-16 08:43:10.522 DEBUG content 6234 _a-0000e255-ca76-8000-23f0-01ef9001ef90_34558 Processing reference: ContentRole[name=denyAdministrators,inherit=false,allowForAll=false]
2019-09-16 08:43:10.522 DEBUG content 6234 _a-0000e255-ca76-8000-23f0-01ef9001ef90_34558 Completing produce.
2019-09-16 08:43:10.522 DEBUG content 6234 _a-0000e255-ca76-8000-23f0-01ef9001ef90_34558 Exporting binary resources.
2019-09-16 08:43:10.522 DEBUG content 6234 _a-0000e255-ca76-8000-23f0-01ef9001ef90_34558 Serializing object to XML.
2019-09-16 08:43:10.523 DEBUG content 6234 _a-0000e255-ca76-8000-23f0-01ef9001ef90_34558 Object transported.
2019-09-16 08:43:10.523 DEBUG content 6235 _a-0000e255-ca76-8000-23f0-01ef9001ef90_34564 Begin transport.
2019-09-16 08:43:10.523 DEBUG content 6235 _a-0000e255-ca76-8000-23f0-01ef9001ef90_34564 Retrieving object data.
2019-09-16 08:43:10.533 DEBUG content 6235 _a-0000e255-ca76-8000-23f0-01ef9001ef90_34564 Setting uuids of object references.
2019-09-16 08:43:10.533 DEBUG content 6235 _a-0000e255-ca76-8000-23f0-01ef9001ef90_34564 Processing reference: [Content:id=6235,versionId=-1,name=AMS_VALUE,type=32,subtype=0,uuid=_a-0000e255-ca76-8000-23f0-01ef9001ef90_34564,parent=6233]
2019-09-16 08:43:10.533 DEBUG content 6235 _a-0000e255-ca76-8000-23f0-01ef9001ef90_34564 Processing reference: Constant.forum
2019-09-16 08:43:10.534 DEBUG content 6235 _a-0000e255-ca76-8000-23f0-01ef9001ef90_34564 Processing reference: Constant.parent
2019-09-16 08:43:10.537 DEBUG content 6235 _a-0000e255-ca76-8000-23f0-01ef9001ef90_34564 Processing reference: com.appiancorp.suiteapi.content.ContentRoleMap@722d7c01[
  ContentRole[name=readers,inherit=true,allowForAll=false]
  ContentRole[name=authors,inherit=true,allowForAll=false]
  ContentRole[name=administrators,inherit=true,allowForAll=false]
  ContentRole[name=denyReaders,inherit=false,allowForAll=false]
  ContentRole[name=denyAuthors,inherit=false,allowForAll=false]
  ContentRole[name=denyAdministrators,inherit=false,allowForAll=false]
  securityVector=15:SEC_PUBLIC=true,SEC_CREATOR_ADMIN=false,SEC_INH_ADMIN=true,SEC_INH_EDITOR=true,SEC_INH_VIEWER=true,SEC_ALL_ADMIN=false,SEC_ALL_EDITOR=false,SEC_ALL_VIEWER=false
]
2019-09-16 08:43:10.537 DEBUG content 6235 _a-0000e255-ca76-8000-23f0-01ef9001ef90_34564 Processing reference: ContentRole[name=readers,inherit=true,allowForAll=false]
2019-09-16 08:43:10.537 DEBUG content 6235 _a-0000e255-ca76-8000-23f0-01ef9001ef90_34564 Processing reference: ContentRole[name=authors,inherit=true,allowForAll=false]
2019-09-16 08:43:10.537 DEBUG content 6235 _a-0000e255-ca76-8000-23f0-01ef9001ef90_34564 Processing reference: ContentRole[name=administrators,inherit=true,allowForAll=false]
2019-09-16 08:43:10.537 DEBUG content 6235 _a-0000e255-ca76-8000-23f0-01ef9001ef90_34564 Processing reference: ContentRole[name=denyReaders,inherit=false,allowForAll=false]
2019-09-16 08:43:10.537 DEBUG content 6235 _a-0000e255-ca76-8000-23f0-01ef9001ef90_34564 Processing reference: ContentRole[name=denyAuthors,inherit=false,allowForAll=false]
2019-09-16 08:43:10.537 DEBUG content 6235 _a-0000e255-ca76-8000-23f0-01ef9001ef90_34564 Processing reference: ContentRole[name=denyAdministrators,inherit=false,allowForAll=false]
2019-09-16 08:43:10.538 DEBUG content 6235 _a-0000e255-ca76-8000-23f0-01ef9001ef90_34564 Completing produce.
2019-09-16 08:43:10.538 DEBUG content 6235 _a-0000e255-ca76-8000-23f0-01ef9001ef90_34564 Exporting binary resources.
2019-09-16 08:43:10.538 DEBUG content 6235 _a-0000e255-ca76-8000-23f0-01ef9001ef90_34564 Serializing object to XML.
2019-09-16 08:43:10.661 DEBUG content 6235 _a-0000e255-ca76-8000-23f0-01ef9001ef90_34564 Object transported.
2019-09-16 08:43:10.661 DEBUG content 6236 _a-0000e255-ca76-8000-23f0-01ef9001ef90_37023 Begin transport.
2019-09-16 08:43:10.661 DEBUG content 6236 _a-0000e255-ca76-8000-23f0-01ef9001ef90_37023 Retrieving object data.
2019-09-16 08:43:10.672 DEBUG content 6236 _a-0000e255-ca76-8000-23f0-01ef9001ef90_37023 Setting uuids of object references.
2019-09-16 08:43:10.672 DEBUG content 6236 _a-0000e255-ca76-8000-23f0-01ef9001ef90_37023 Processing reference: [Content:id=6236,versionId=-1,name=AMS_GetUSerDetails,type=32,subtype=6,uuid=_a-0000e255-ca76-8000-23f0-01ef9001ef90_37023,parent=6233]
2019-09-16 08:43:10.682 DEBUG content 6236 _a-0000e255-ca76-8000-23f0-01ef9001ef90_37023 Processing reference: Interface.forum
2019-09-16 08:43:10.683 DEBUG content 6236 _a-0000e255-ca76-8000-23f0-01ef9001ef90_37023 Processing reference: Interface.parent
2019-09-16 08:43:10.686 DEBUG content 6236 _a-0000e255-ca76-8000-23f0-01ef9001ef90_37023 Processing reference: com.appiancorp.suiteapi.content.ContentRoleMap@5eaf0541[
  ContentRole[name=readers,inherit=true,allowForAll=false]
  ContentRole[name=authors,inherit=true,allowForAll=false]
  ContentRole[name=administrators,inherit=true,allowForAll=false]
  ContentRole[name=denyReaders,inherit=false,allowForAll=false]
  ContentRole[name=denyAuthors,inherit=false,allowForAll=false]
  ContentRole[name=denyAdministrators,inherit=false,allowForAll=false]
  securityVector=15:SEC_PUBLIC=true,SEC_CREATOR_ADMIN=false,SEC_INH_ADMIN=true,SEC_INH_EDITOR=true,SEC_INH_VIEWER=true,SEC_ALL_ADMIN=false,SEC_ALL_EDITOR=false,SEC_ALL_VIEWER=false
]
2019-09-16 08:43:10.686 DEBUG content 6236 _a-0000e255-ca76-8000-23f0-01ef9001ef90_37023 Processing reference: ContentRole[name=readers,inherit=true,allowForAll=false]
2019-09-16 08:43:10.686 DEBUG content 6236 _a-0000e255-ca76-8000-23f0-01ef9001ef90_37023 Processing reference: ContentRole[name=authors,inherit=true,allowForAll=false]
2019-09-16 08:43:10.686 DEBUG content 6236 _a-0000e255-ca76-8000-23f0-01ef9001ef90_37023 Processing reference: ContentRole[name=administrators,inherit=true,allowForAll=false]
2019-09-16 08:43:10.686 DEBUG content 6236 _a-0000e255-ca76-8000-23f0-01ef9001ef90_37023 Processing reference: ContentRole[name=denyReaders,inherit=false,allowForAll=false]
2019-09-16 08:43:10.686 DEBUG content 6236 _a-0000e255-ca76-8000-23f0-01ef9001ef90_37023 Processing reference: ContentRole[name=denyAuthors,inherit=false,allowForAll=false]
2019-09-16 08:43:10.686 DEBUG content 6236 _a-0000e255-ca76-8000-23f0-01ef9001ef90_37023 Processing reference: ContentRole[name=denyAdministrators,inherit=false,allowForAll=false]
2019-09-16 08:43:10.687 DEBUG content 6236 _a-0000e255-ca76-8000-23f0-01ef9001ef90_37023 Completing produce.
2019-09-16 08:43:10.687 DEBUG content 6236 _a-0000e255-ca76-8000-23f0-01ef9001ef90_37023 Exporting binary resources.
2019-09-16 08:43:10.687 DEBUG content 6236 _a-0000e255-ca76-8000-23f0-01ef9001ef90_37023 Serializing object to XML.
2019-09-16 08:43:10.688 DEBUG content 6236 _a-0000e255-ca76-8000-23f0-01ef9001ef90_37023 Object transported.
2019-09-16 08:43:10.688 DEBUG application 6237 _a-0000e255-ca76-8000-23f0-01ef9001ef90_30209 Completing produce.
2019-09-16 08:43:10.688 DEBUG application 6237 _a-0000e255-ca76-8000-23f0-01ef9001ef90_30209 Exporting binary resources.
2019-09-16 08:43:10.688 DEBUG application 6237 _a-0000e255-ca76-8000-23f0-01ef9001ef90_30209 Serializing object to XML.
2019-09-16 08:43:10.69 DEBUG application 6237 _a-0000e255-ca76-8000-23f0-01ef9001ef90_30209 Object transported.
